[1118/011323.232:ERROR:process_reader_win.cc(151)] SuspendThread: Access is denied. (0x5)
[1118/011323.233:ERROR:process_reader_win.cc(151)] SuspendThread: Access is denied. (0x5)
[1118/011323.233:ERROR:process_reader_win.cc(151)] SuspendThread: Access is denied. (0x5)
[1118/011323.234:ERROR:process_reader_win.cc(151)] SuspendThread: Access is denied. (0x5)
[1118/011323.234:ERROR:process_reader_win.cc(151)] SuspendThread: Access is denied. (0x5)
[1118/011323.235:ERROR:process_reader_win.cc(151)] SuspendThread: Access is denied. (0x5)
[1118/011323.235:ERROR:process_reader_win.cc(151)] SuspendThread: Access is denied. (0x5)
[1118/011323.235:ERROR:process_reader_win.cc(151)] SuspendThread: Access is denied. (0x5)
[1118/011323.235:ERROR:process_reader_win.cc(151)] SuspendThread: Access is denied. (0x5)
[1118/011323.235:ERROR:process_reader_win.cc(151)] SuspendThread: Access is denied. (0x5)
[1118/011323.236:ERROR:process_reader_win.cc(151)] SuspendThread: Access is denied. (0x5)
[1118/011323.236:ERROR:process_reader_win.cc(151)] SuspendThread: Access is denied. (0x5)
[1118/011323.236:ERROR:process_reader_win.cc(151)] SuspendThread: Access is denied. (0x5)
[1118/011323.236:ERROR:process_reader_win.cc(151)] SuspendThread: Access is denied. (0x5)
[1118/011323.236:ERROR:process_reader_win.cc(151)] SuspendThread: Access is denied. (0x5)
[1118/011323.236:ERROR:process_reader_win.cc(151)] SuspendThread: Access is denied. (0x5)
[1118/011323.236:ERROR:process_reader_win.cc(151)] SuspendThread: Access is denied. (0x5)
[1118/011323.236:ERROR:process_reader_win.cc(123)] NtOpenThread: {Access Denied} A process has requested access to an object, but has not been granted those access rights. (0xc0000022)
[1118/011323.241:ERROR:exception_snapshot_win.cc(99)] thread ID 7180 not found in process
[1118/011323.240:ERROR:process_reader_win.cc(151)] SuspendThread: Access is denied. (0x5)
[1118/011323.287:ERROR:process_reader_win.cc(151)] SuspendThread: Access is denied. (0x5)
[1118/011323.287:ERROR:process_reader_win.cc(151)] SuspendThread: Access is denied. (0x5)
[1118/011323.287:ERROR:process_reader_win.cc(151)] SuspendThread: Access is denied. (0x5)
[1118/011323.287:ERROR:process_reader_win.cc(151)] SuspendThread: Access is denied. (0x5)
[1118/011323.287:ERROR:process_reader_win.cc(151)] SuspendThread: Access is denied. (0x5)
[1118/011323.287:ERROR:process_reader_win.cc(151)] SuspendThread: Access is denied. (0x5)
[1118/011323.287:ERROR:process_reader_win.cc(151)] SuspendThread: Access is denied. (0x5)
[1118/011323.288:ERROR:process_reader_win.cc(151)] SuspendThread: Access is denied. (0x5)
[1118/011323.288:ERROR:process_reader_win.cc(151)] SuspendThread: Access is denied. (0x5)
[1118/011323.288:ERROR:process_reader_win.cc(151)] SuspendThread: Access is denied. (0x5)
[1118/011323.288:ERROR:process_reader_win.cc(151)] SuspendThread: Access is denied. (0x5)
[1118/011323.288:ERROR:process_reader_win.cc(151)] SuspendThread: Access is denied. (0x5)
[1118/011323.288:ERROR:process_reader_win.cc(151)] SuspendThread: Access is denied. (0x5)
[1118/011323.288:ERROR:process_reader_win.cc(123)] NtOpenThread: An invalid Client ID was specified. (0xc000000b)
[1118/011323.289:ERROR:process_reader_win.cc(151)] SuspendThread: Access is denied. (0x5)
[1118/011323.289:ERROR:process_reader_win.cc(151)] SuspendThread: Access is denied. (0x5)
[1118/011323.289:ERROR:process_reader_win.cc(151)] SuspendThread: Access is denied. (0x5)
[1118/011323.289:ERROR:process_reader_win.cc(151)] SuspendThread: Access is denied. (0x5)
[1118/011323.289:ERROR:process_reader_win.cc(151)] SuspendThread: Access is denied. (0x5)
[1118/011323.289:ERROR:process_reader_win.cc(151)] SuspendThread: Access is denied. (0x5)
[1118/011323.289:ERROR:process_reader_win.cc(151)] SuspendThread: Access is denied. (0x5)
[1118/011323.289:ERROR:process_reader_win.cc(151)] SuspendThread: Access is denied. (0x5)
[1118/011323.289:ERROR:process_reader_win.cc(151)] SuspendThread: Access is denied. (0x5)
[1118/011323.289:ERROR:process_reader_win.cc(151)] SuspendThread: Access is denied. (0x5)
[1118/011323.289:ERROR:process_reader_win.cc(151)] SuspendThread: Access is denied. (0x5)
[1118/011323.290:ERROR:process_reader_win.cc(151)] SuspendThread: Access is denied. (0x5)
[1118/011323.290:ERROR:process_reader_win.cc(151)] SuspendThread: Access is denied. (0x5)
[1118/011323.290:ERROR:process_reader_win.cc(151)] SuspendThread: Access is denied. (0x5)
[1118/011323.290:ERROR:process_reader_win.cc(151)] SuspendThread: Access is denied. (0x5)
[1118/011323.290:ERROR:process_reader_win.cc(151)] SuspendThread: Access is denied. (0x5)
[1118/011323.290:ERROR:process_reader_win.cc(151)] SuspendThread: Access is denied. (0x5)
[1118/011323.290:ERROR:process_reader_win.cc(151)] SuspendThread: Access is denied. (0x5)
[1118/011323.290:ERROR:process_reader_win.cc(151)] SuspendThread: Access is denied. (0x5)
[1118/011323.290:ERROR:process_reader_win.cc(151)] SuspendThread: Access is denied. (0x5)
[1118/011323.290:ERROR:process_reader_win.cc(151)] SuspendThread: Access is denied. (0x5)
[1118/011323.291:ERROR:process_reader_win.cc(151)] SuspendThread: Access is denied. (0x5)
[1118/011323.291:ERROR:process_reader_win.cc(151)] SuspendThread: Access is denied. (0x5)
[1118/011323.291:ERROR:process_reader_win.cc(123)] NtOpenThread: {Access Denied} A process has requested access to an object, but has not been granted those access rights. (0xc0000022)
[1118/011323.291:ERROR:exception_snapshot_win.cc(99)] thread ID 28952 not found in process
[1118/011323.354:ERROR:process_reader_win.cc(151)] SuspendThread: Access is denied. (0x5)
[1118/011323.354:ERROR:process_reader_win.cc(151)] SuspendThread: Access is denied. (0x5)
[1118/011323.354:ERROR:process_reader_win.cc(123)] NtOpenThread: {Access Denied} A process has requested access to an object, but has not been granted those access rights. (0xc0000022)
[1118/011323.354:ERROR:exception_snapshot_win.cc(99)] thread ID 26428 not found in process
[1118/011323.367:ERROR:process_reader_win.cc(151)] SuspendThread: Access is denied. (0x5)
[1118/011323.367:ERROR:process_reader_win.cc(151)] SuspendThread: Access is denied. (0x5)
[1118/011323.367:ERROR:process_reader_win.cc(151)] SuspendThread: Access is denied. (0x5)
[1118/011323.367:ERROR:process_reader_win.cc(151)] SuspendThread: Access is denied. (0x5)
[1118/011323.368:ERROR:process_reader_win.cc(151)] SuspendThread: Access is denied. (0x5)
[1118/011323.368:ERROR:process_reader_win.cc(123)] NtOpenThread: {Access Denied} A process has requested access to an object, but has not been granted those access rights. (0xc0000022)
[1118/011323.368:ERROR:exception_snapshot_win.cc(99)] thread ID 25816 not found in process
[1118/142839.631:ERROR:directory_reader_win.cc(43)] FindFirstFile: The system cannot find the path specified. (0x3)
[1118/142910.149:ERROR:directory_reader_win.cc(43)] FindFirstFile: The system cannot find the path specified. (0x3)
[1118/145419.204:ERROR:process_reader_win.cc(123)] NtOpenThread: {Access Denied} A process has requested access to an object, but has not been granted those access rights. (0xc0000022)
[1118/145419.208:ERROR:exception_snapshot_win.cc(99)] thread ID 4880 not found in process
[1118/145419.312:ERROR:process_reader_win.cc(151)] SuspendThread: Access is denied. (0x5)
[1118/145419.312:ERROR:process_reader_win.cc(151)] SuspendThread: Access is denied. (0x5)
[1118/145419.312:ERROR:process_reader_win.cc(151)] SuspendThread: Access is denied. (0x5)
[1118/145419.312:ERROR:process_reader_win.cc(123)] NtOpenThread: {Access Denied} A process has requested access to an object, but has not been granted those access rights. (0xc0000022)
[1118/145419.312:ERROR:exception_snapshot_win.cc(99)] thread ID 17392 not found in process
[1118/145419.364:ERROR:process_reader_win.cc(123)] NtOpenThread: {Access Denied} A process has requested access to an object, but has not been granted those access rights. (0xc0000022)
[1118/145419.365:ERROR:exception_snapshot_win.cc(99)] thread ID 29812 not found in process
[1118/145419.476:ERROR:process_reader_win.cc(151)] SuspendThread: Access is denied. (0x5)
[1118/145419.476:ERROR:process_reader_win.cc(151)] SuspendThread: Access is denied. (0x5)
[1118/145419.477:ERROR:process_reader_win.cc(151)] SuspendThread: Access is denied. (0x5)
[1118/145419.477:ERROR:process_reader_win.cc(151)] SuspendThread: Access is denied. (0x5)
[1118/145419.477:ERROR:process_reader_win.cc(151)] SuspendThread: Access is denied. (0x5)
[1118/145419.478:ERROR:process_reader_win.cc(123)] NtOpenThread: {Access Denied} A process has requested access to an object, but has not been granted those access rights. (0xc0000022)
[1118/145419.478:ERROR:exception_snapshot_win.cc(99)] thread ID 23172 not found in process
[1118/183339.611:ERROR:process_reader_win.cc(151)] SuspendThread: Access is denied. (0x5)
[1118/183339.616:ERROR:process_reader_win.cc(123)] NtOpenThread: {Access Denied} A process has requested access to an object, but has not been granted those access rights. (0xc0000022)
[1118/183339.617:ERROR:exception_snapshot_win.cc(99)] thread ID 29964 not found in process
[1118/183339.685:ERROR:process_reader_win.cc(151)] SuspendThread: Access is denied. (0x5)
[1118/183339.685:ERROR:process_reader_win.cc(151)] SuspendThread: Access is denied. (0x5)
[1118/183339.685:ERROR:process_reader_win.cc(151)] SuspendThread: Access is denied. (0x5)
[1118/183339.685:ERROR:process_reader_win.cc(151)] SuspendThread: Access is denied. (0x5)
[1118/183339.686:ERROR:process_reader_win.cc(123)] NtOpenThread: {Access Denied} A process has requested access to an object, but has not been granted those access rights. (0xc0000022)
[1118/183339.686:ERROR:exception_snapshot_win.cc(99)] thread ID 19892 not found in process
